Mensaje I / 00:00:00:000 / Root(00) para top(01)
Mensaje I / 00:00:00:000 / top(01) para initialpool(02)
Mensaje D / 00:00:00:000 / initialpool(02) / ... para top(01)
Mensaje D / 00:00:00:000 / top(01) / ... para Root(00)
Mensaje X / 00:00:00:000 / Root(00) / control_in /      2.00000 para top(01)
Mensaje D / 00:00:00:000 / top(01) / ... para Root(00)
Mensaje X / 00:00:01:000 / Root(00) / count_in /      1.00000 para top(01)
Mensaje X / 00:00:01:000 / top(01) / count_in /      1.00000 para initialpool(02)
Mensaje Y / 00:00:01:000 / initialpool(02) / statsout_out /      1.00000 para top(01)
Mensaje Y / 00:00:01:000 / initialpool(02) / totalcount_out /      1.00000 para top(01)
Mensaje D / 00:00:01:000 / initialpool(02) / ... para top(01)
Mensaje Y / 00:00:01:000 / top(01) / stats_out /      1.00000 para Root(00)
Mensaje Y / 00:00:01:000 / top(01) / totalcount_out /      1.00000 para Root(00)
Mensaje D / 00:00:01:000 / top(01) / ... para Root(00)
Mensaje X / 00:00:02:000 / Root(00) / amount_in /    100.00000 para top(01)
Mensaje X / 00:00:02:000 / top(01) / initialamount_in /    100.00000 para initialpool(02)
Mensaje D / 00:00:02:000 / initialpool(02) / 00:00:15:000 para top(01)
Mensaje D / 00:00:02:000 / top(01) / 00:00:15:000 para Root(00)
Mensaje X / 00:00:03:000 / Root(00) / count_in /      1.00000 para top(01)
Mensaje X / 00:00:03:000 / top(01) / count_in /      1.00000 para initialpool(02)
Mensaje Y / 00:00:03:000 / initialpool(02) / statsout_out /      2.00000 para top(01)
Mensaje Y / 00:00:03:000 / initialpool(02) / totalcount_out /      2.00000 para top(01)
Mensaje D / 00:00:03:000 / initialpool(02) / 00:00:14:000 para top(01)
Mensaje Y / 00:00:03:000 / top(01) / stats_out /      2.00000 para Root(00)
Mensaje Y / 00:00:03:000 / top(01) / totalcount_out /      2.00000 para Root(00)
Mensaje D / 00:00:03:000 / top(01) / 00:00:14:000 para Root(00)
Mensaje X / 00:00:04:000 / Root(00) / amount_in /    100.00000 para top(01)
Mensaje X / 00:00:04:000 / top(01) / initialamount_in /    100.00000 para initialpool(02)
Mensaje D / 00:00:04:000 / initialpool(02) / 00:00:13:000 para top(01)
Mensaje D / 00:00:04:000 / top(01) / 00:00:13:000 para Root(00)
Mensaje X / 00:00:05:000 / Root(00) / count_in /      1.00000 para top(01)
Mensaje X / 00:00:05:000 / top(01) / count_in /      1.00000 para initialpool(02)
Mensaje Y / 00:00:05:000 / initialpool(02) / statsout_out /      3.00000 para top(01)
Mensaje Y / 00:00:05:000 / initialpool(02) / totalcount_out /      3.00000 para top(01)
Mensaje D / 00:00:05:000 / initialpool(02) / 00:00:12:000 para top(01)
Mensaje Y / 00:00:05:000 / top(01) / stats_out /      3.00000 para Root(00)
Mensaje Y / 00:00:05:000 / top(01) / totalcount_out /      3.00000 para Root(00)
Mensaje D / 00:00:05:000 / top(01) / 00:00:12:000 para Root(00)
Mensaje X / 00:00:06:000 / Root(00) / amount_in /    100.00000 para top(01)
Mensaje X / 00:00:06:000 / top(01) / initialamount_in /    100.00000 para initialpool(02)
Mensaje D / 00:00:06:000 / initialpool(02) / 00:00:11:000 para top(01)
Mensaje D / 00:00:06:000 / top(01) / 00:00:11:000 para Root(00)
Mensaje * / 00:00:17:000 / Root(00) para top(01)
Mensaje * / 00:00:17:000 / top(01) para initialpool(02)
Mensaje Y / 00:00:17:000 / initialpool(02) / payoutreq_out /    315.00000 para top(01)
Mensaje Y / 00:00:17:000 / initialpool(02) / totalcount_out /      3.00000 para top(01)
Mensaje D / 00:00:17:000 / initialpool(02) / ... para top(01)
Mensaje Y / 00:00:17:000 / top(01) / payoutreq_out /    315.00000 para Root(00)
Mensaje Y / 00:00:17:000 / top(01) / totalcount_out /      3.00000 para Root(00)
Mensaje D / 00:00:17:000 / top(01) / ... para Root(00)
Mensaje X / 00:00:18:000 / Root(00) / count_in /      1.00000 para top(01)
Mensaje X / 00:00:18:000 / top(01) / count_in /      1.00000 para initialpool(02)
Mensaje D / 00:00:18:000 / initialpool(02) / ... para top(01)
Mensaje D / 00:00:18:000 / top(01) / ... para Root(00)
Mensaje X / 00:00:19:000 / Root(00) / amount_in /    100.00000 para top(01)
Mensaje X / 00:00:19:000 / top(01) / initialamount_in /    100.00000 para initialpool(02)
Mensaje D / 00:00:19:000 / initialpool(02) / ... para top(01)
Mensaje D / 00:00:19:000 / top(01) / ... para Root(00)
Mensaje X / 00:00:20:000 / Root(00) / payout_in /    315.00000 para top(01)
Mensaje X / 00:00:20:000 / top(01) / payout_in /    315.00000 para initialpool(02)
Mensaje Y / 00:00:20:000 / initialpool(02) / statsout_out /   7000.00000 para top(01)
Mensaje D / 00:00:20:000 / initialpool(02) / 00:00:00:000 para top(01)
Mensaje Y / 00:00:20:000 / top(01) / stats_out /   7000.00000 para Root(00)
Mensaje D / 00:00:20:000 / top(01) / 00:00:00:000 para Root(00)
Mensaje * / 00:00:20:000 / Root(00) para top(01)
Mensaje * / 00:00:20:000 / top(01) para initialpool(02)
Mensaje Y / 00:00:20:000 / initialpool(02) / statsout_out /   1000.00000 para top(01)
Mensaje Y / 00:00:20:000 / initialpool(02) / longcount_out /      3.00000 para top(01)
Mensaje Y / 00:00:20:000 / initialpool(02) / longamount_out /    300.00000 para top(01)
Mensaje D / 00:00:20:000 / initialpool(02) / 00:00:15:000 para top(01)
Mensaje Y / 00:00:20:000 / top(01) / stats_out /   1000.00000 para Root(00)
Mensaje Y / 00:00:20:000 / top(01) / longcount_out /      3.00000 para Root(00)
Mensaje Y / 00:00:20:000 / top(01) / longamount_out /    300.00000 para Root(00)
Mensaje D / 00:00:20:000 / top(01) / 00:00:15:000 para Root(00)
Mensaje X / 00:00:21:000 / Root(00) / count_in /      1.00000 para top(01)
Mensaje X / 00:00:21:000 / top(01) / count_in /      1.00000 para initialpool(02)
Mensaje Y / 00:00:21:000 / initialpool(02) / statsout_out /      2.00000 para top(01)
Mensaje Y / 00:00:21:000 / initialpool(02) / totalcount_out /      5.00000 para top(01)
Mensaje D / 00:00:21:000 / initialpool(02) / 00:00:14:000 para top(01)
Mensaje Y / 00:00:21:000 / top(01) / stats_out /      2.00000 para Root(00)
Mensaje Y / 00:00:21:000 / top(01) / totalcount_out /      5.00000 para Root(00)
Mensaje D / 00:00:21:000 / top(01) / 00:00:14:000 para Root(00)
Mensaje X / 00:00:22:000 / Root(00) / amount_in /    100.00000 para top(01)
Mensaje X / 00:00:22:000 / top(01) / initialamount_in /    100.00000 para initialpool(02)
Mensaje D / 00:00:22:000 / initialpool(02) / 00:00:13:000 para top(01)
Mensaje D / 00:00:22:000 / top(01) / 00:00:13:000 para Root(00)
Mensaje * / 00:00:35:000 / Root(00) para top(01)
Mensaje * / 00:00:35:000 / top(01) para initialpool(02)
Mensaje Y / 00:00:35:000 / initialpool(02) / payoutreq_out /    210.00000 para top(01)
Mensaje Y / 00:00:35:000 / initialpool(02) / totalcount_out /      5.00000 para top(01)
Mensaje D / 00:00:35:000 / initialpool(02) / ... para top(01)
Mensaje Y / 00:00:35:000 / top(01) / payoutreq_out /    210.00000 para Root(00)
Mensaje Y / 00:00:35:000 / top(01) / totalcount_out /      5.00000 para Root(00)
Mensaje D / 00:00:35:000 / top(01) / ... para Root(00)
Mensaje X / 00:00:36:000 / Root(00) / grate_in /      2.00000 para top(01)
Mensaje X / 00:00:36:000 / top(01) / rate_in /      2.00000 para initialpool(02)
Mensaje D / 00:00:36:000 / initialpool(02) / ... para top(01)
Mensaje D / 00:00:36:000 / top(01) / ... para Root(00)
Mensaje X / 00:00:38:000 / Root(00) / count_in /      4.00000 para top(01)
Mensaje X / 00:00:38:000 / top(01) / count_in /      4.00000 para initialpool(02)
Mensaje D / 00:00:38:000 / initialpool(02) / ... para top(01)
Mensaje D / 00:00:38:000 / top(01) / ... para Root(00)
Mensaje X / 00:00:39:000 / Root(00) / amount_in /    400.00000 para top(01)
Mensaje X / 00:00:39:000 / top(01) / initialamount_in /    400.00000 para initialpool(02)
Mensaje D / 00:00:39:000 / initialpool(02) / ... para top(01)
Mensaje D / 00:00:39:000 / top(01) / ... para Root(00)
Mensaje X / 00:00:40:000 / Root(00) / payout_in /    204.00000 para top(01)
Mensaje X / 00:00:40:000 / top(01) / payout_in /    204.00000 para initialpool(02)
Mensaje D / 00:00:40:000 / initialpool(02) / ... para top(01)
Mensaje D / 00:00:40:000 / top(01) / ... para Root(00)
Mensaje X / 00:00:41:000 / Root(00) / count_in /      1.00000 para top(01)
Mensaje X / 00:00:41:000 / top(01) / count_in /      1.00000 para initialpool(02)
Mensaje D / 00:00:41:000 / initialpool(02) / ... para top(01)
Mensaje D / 00:00:41:000 / top(01) / ... para Root(00)
Mensaje X / 00:00:42:000 / Root(00) / amount_in /    100.00000 para top(01)
Mensaje X / 00:00:42:000 / top(01) / initialamount_in /    100.00000 para initialpool(02)
Mensaje D / 00:00:42:000 / initialpool(02) / ... para top(01)
Mensaje D / 00:00:42:000 / top(01) / ... para Root(00)
