Mensaje I / 00:00:00:000 / Root(00) para top(01)
Mensaje I / 00:00:00:000 / top(01) para longtermpool(02)
Mensaje D / 00:00:00:000 / longtermpool(02) / ... para top(01)
Mensaje D / 00:00:00:000 / top(01) / ... para Root(00)
Mensaje X / 00:00:01:000 / Root(00) / count_in /     10.00000 para top(01)
Mensaje X / 00:00:01:000 / top(01) / count_in /     10.00000 para longtermpool(02)
Mensaje Y / 00:00:01:000 / longtermpool(02) / statsout_out /     10.00000 para top(01)
Mensaje Y / 00:00:01:000 / longtermpool(02) / statsout_out /     10.00000 para top(01)
Mensaje D / 00:00:01:000 / longtermpool(02) / ... para top(01)
Mensaje Y / 00:00:01:000 / top(01) / stats_out /     10.00000 para Root(00)
Mensaje Y / 00:00:01:000 / top(01) / stats_out /     10.00000 para Root(00)
Mensaje D / 00:00:01:000 / top(01) / ... para Root(00)
Mensaje X / 00:00:02:000 / Root(00) / amount_in /   1000.00000 para top(01)
Mensaje X / 00:00:02:000 / top(01) / amount_in /   1000.00000 para longtermpool(02)
Mensaje D / 00:00:02:000 / longtermpool(02) / 00:00:20:000 para top(01)
Mensaje D / 00:00:02:000 / top(01) / 00:00:20:000 para Root(00)
Mensaje X / 00:00:03:000 / Root(00) / count_in /     10.00000 para top(01)
Mensaje X / 00:00:03:000 / top(01) / count_in /     10.00000 para longtermpool(02)
Mensaje Y / 00:00:03:000 / longtermpool(02) / statsout_out /     10.00000 para top(01)
Mensaje Y / 00:00:03:000 / longtermpool(02) / statsout_out /     20.00000 para top(01)
Mensaje D / 00:00:03:000 / longtermpool(02) / 00:00:19:000 para top(01)
Mensaje Y / 00:00:03:000 / top(01) / stats_out /     10.00000 para Root(00)
Mensaje Y / 00:00:03:000 / top(01) / stats_out /     20.00000 para Root(00)
Mensaje D / 00:00:03:000 / top(01) / 00:00:19:000 para Root(00)
Mensaje X / 00:00:04:000 / Root(00) / amount_in /   1000.00000 para top(01)
Mensaje X / 00:00:04:000 / top(01) / amount_in /   1000.00000 para longtermpool(02)
Mensaje D / 00:00:04:000 / longtermpool(02) / 00:00:18:000 para top(01)
Mensaje D / 00:00:04:000 / top(01) / 00:00:18:000 para Root(00)
Mensaje X / 00:00:05:000 / Root(00) / count_in /     10.00000 para top(01)
Mensaje X / 00:00:05:000 / top(01) / count_in /     10.00000 para longtermpool(02)
Mensaje Y / 00:00:05:000 / longtermpool(02) / statsout_out /     10.00000 para top(01)
Mensaje Y / 00:00:05:000 / longtermpool(02) / statsout_out /     30.00000 para top(01)
Mensaje D / 00:00:05:000 / longtermpool(02) / 00:00:17:000 para top(01)
Mensaje Y / 00:00:05:000 / top(01) / stats_out /     10.00000 para Root(00)
Mensaje Y / 00:00:05:000 / top(01) / stats_out /     30.00000 para Root(00)
Mensaje D / 00:00:05:000 / top(01) / 00:00:17:000 para Root(00)
Mensaje X / 00:00:06:000 / Root(00) / amount_in /   1000.00000 para top(01)
Mensaje X / 00:00:06:000 / top(01) / amount_in /   1000.00000 para longtermpool(02)
Mensaje D / 00:00:06:000 / longtermpool(02) / 00:00:16:000 para top(01)
Mensaje D / 00:00:06:000 / top(01) / 00:00:16:000 para Root(00)
Mensaje X / 00:00:18:000 / Root(00) / count_in /     10.00000 para top(01)
Mensaje X / 00:00:18:000 / top(01) / count_in /     10.00000 para longtermpool(02)
Mensaje Y / 00:00:18:000 / longtermpool(02) / statsout_out /     10.00000 para top(01)
Mensaje Y / 00:00:18:000 / longtermpool(02) / statsout_out /     40.00000 para top(01)
Mensaje D / 00:00:18:000 / longtermpool(02) / 00:00:04:000 para top(01)
Mensaje Y / 00:00:18:000 / top(01) / stats_out /     10.00000 para Root(00)
Mensaje Y / 00:00:18:000 / top(01) / stats_out /     40.00000 para Root(00)
Mensaje D / 00:00:18:000 / top(01) / 00:00:04:000 para Root(00)
Mensaje X / 00:00:19:000 / Root(00) / amount_in /   1000.00000 para top(01)
Mensaje X / 00:00:19:000 / top(01) / amount_in /   1000.00000 para longtermpool(02)
Mensaje D / 00:00:19:000 / longtermpool(02) / 00:00:03:000 para top(01)
Mensaje D / 00:00:19:000 / top(01) / 00:00:03:000 para Root(00)
Mensaje X / 00:00:20:000 / Root(00) / payout_in /    315.00000 para top(01)
Mensaje X / 00:00:20:000 / top(01) / payout_in /    315.00000 para longtermpool(02)
Mensaje D / 00:00:20:000 / longtermpool(02) / 00:00:02:000 para top(01)
Mensaje D / 00:00:20:000 / top(01) / 00:00:02:000 para Root(00)
Mensaje X / 00:00:21:000 / Root(00) / count_in /     10.00000 para top(01)
Mensaje X / 00:00:21:000 / top(01) / count_in /     10.00000 para longtermpool(02)
Mensaje Y / 00:00:21:000 / longtermpool(02) / statsout_out /     10.00000 para top(01)
Mensaje Y / 00:00:21:000 / longtermpool(02) / statsout_out /     50.00000 para top(01)
Mensaje D / 00:00:21:000 / longtermpool(02) / 00:00:01:000 para top(01)
Mensaje Y / 00:00:21:000 / top(01) / stats_out /     10.00000 para Root(00)
Mensaje Y / 00:00:21:000 / top(01) / stats_out /     50.00000 para Root(00)
Mensaje D / 00:00:21:000 / top(01) / 00:00:01:000 para Root(00)
Mensaje X / 00:00:22:000 / Root(00) / amount_in /   1000.00000 para top(01)
Mensaje X / 00:00:22:000 / top(01) / amount_in /   1000.00000 para longtermpool(02)
Mensaje D / 00:00:22:000 / longtermpool(02) / 00:00:00:000 para top(01)
Mensaje D / 00:00:22:000 / top(01) / 00:00:00:000 para Root(00)
Mensaje * / 00:00:22:000 / Root(00) para top(01)
Mensaje * / 00:00:22:000 / top(01) para longtermpool(02)
Mensaje Y / 00:00:22:000 / longtermpool(02) / payoutreq_out /    250.00000 para top(01)
Mensaje Y / 00:00:22:000 / longtermpool(02) / statsout_out /    250.00000 para top(01)
Mensaje D / 00:00:22:000 / longtermpool(02) / ... para top(01)
Mensaje Y / 00:00:22:000 / top(01) / payoutreq_out /    250.00000 para Root(00)
Mensaje Y / 00:00:22:000 / top(01) / stats_out /    250.00000 para Root(00)
Mensaje D / 00:00:22:000 / top(01) / ... para Root(00)
Mensaje X / 00:00:36:000 / Root(00) / grate_in /      2.00000 para top(01)
Mensaje X / 00:00:36:000 / top(01) / rate_in /      2.00000 para longtermpool(02)
Mensaje D / 00:00:36:000 / longtermpool(02) / ... para top(01)
Mensaje D / 00:00:36:000 / top(01) / ... para Root(00)
Mensaje X / 00:00:38:000 / Root(00) / count_in /      4.00000 para top(01)
Mensaje X / 00:00:38:000 / top(01) / count_in /      4.00000 para longtermpool(02)
Mensaje D / 00:00:38:000 / longtermpool(02) / ... para top(01)
Mensaje D / 00:00:38:000 / top(01) / ... para Root(00)
Mensaje X / 00:00:39:000 / Root(00) / amount_in /    400.00000 para top(01)
Mensaje X / 00:00:39:000 / top(01) / amount_in /    400.00000 para longtermpool(02)
Mensaje D / 00:00:39:000 / longtermpool(02) / ... para top(01)
Mensaje D / 00:00:39:000 / top(01) / ... para Root(00)
Mensaje X / 00:00:40:000 / Root(00) / payout_in /    204.00000 para top(01)
Mensaje X / 00:00:40:000 / top(01) / payout_in /    204.00000 para longtermpool(02)
Mensaje D / 00:00:40:000 / longtermpool(02) / ... para top(01)
Mensaje D / 00:00:40:000 / top(01) / ... para Root(00)
Mensaje X / 00:00:41:000 / Root(00) / count_in /      1.00000 para top(01)
Mensaje X / 00:00:41:000 / top(01) / count_in /      1.00000 para longtermpool(02)
Mensaje D / 00:00:41:000 / longtermpool(02) / ... para top(01)
Mensaje D / 00:00:41:000 / top(01) / ... para Root(00)
Mensaje X / 00:00:42:000 / Root(00) / amount_in /    100.00000 para top(01)
Mensaje X / 00:00:42:000 / top(01) / amount_in /    100.00000 para longtermpool(02)
Mensaje D / 00:00:42:000 / longtermpool(02) / ... para top(01)
Mensaje D / 00:00:42:000 / top(01) / ... para Root(00)
